#
# A fatal error has been detected by the Java Runtime Environment:
#
#  EXCEPTION_ACCESS_VIOLATION (0xc0000005) at pc=0x59b62913, pid=7332, tid=0x00002470
#
# JRE version: OpenJDK Runtime Environment (8.0_202-b03) (build 1.8.0_202-release-1483-b03)
# Java VM: OpenJDK Server VM (25.202-b03 mixed mode windows-x86 )
# Problematic frame:
# V  [jvm.dll+0x152913]
#
# Failed to write core dump. Minidumps are not enabled by default on client versions of Windows
#
# If you would like to submit a bug report, please visit:
#   http://bugreport.java.com/bugreport/crash.jsp
#

---------------  T H R E A D  ---------------

Current thread (0x5ad40000):  JavaThread "Cache worker for cache directory md-rule (C:\Users\Vicky\.gradle\caches\5.4.1\md-rule)" [_thread_in_vm, id=9328, stack(0x59660000,0x596b0000)]

siginfo: ExceptionCode=0xc0000005, writing address 0x596ab574

Registers:
EAX=0x00004000, EBX=0x596af764, ECX=0x596ab574, EDX=0x54ae5778
ESP=0x596af580, EBP=0x596af5ec, ESI=0x00000005, EDI=0x596af574
EIP=0x59b62913, EFLAGS=0x00010206

Top of Stack: (sp=0x596af580)
0x596af580:   576ea868 5ad40000 59b631a3 00000000
0x596af590:   5ad40000 596af6d4 00000001 5ad40000
0x596af5a0:   59a849f5 5ad40000 54ae5778 53e34a20
0x596af5b0:   596af60c 59a8544e 53e36510 53e36510
0x596af5c0:   53e34a20 5ad40000 53e34a20 5ad40000
0x596af5d0:   54ae5778 53e34a20 5ad40000 0000000a
0x596af5e0:   596af6d4 576ea868 022bb900 596af634
0x596af5f0:   59c30a7e 596af75c 596af660 596af6d4 

Instructions: (pc=0x59b62913)
0x59b628f3:   79 e2 0c 00 be 01 00 00 00 8b f8 39 35 68 6f f4
0x59b62903:   59 7c 1b e8 a5 1d 06 00 0f af c6 8b cf 2b c8 46
0x59b62913:   c7 01 00 00 00 00 3b 35 68 6f f4 59 7e e5 5f 5e
0x59b62923:   c3 cc cc cc cc cc cc cc cc cc cc cc cc 8b 01 8b 


Register to memory mapping:

EAX=0x00004000 is an unknown value
EBX=0x596af764 is pointing into the stack for thread: 0x5ad40000
ECX=0x596ab574 is pointing into the stack for thread: 0x5ad40000
EDX=0x54ae5778 is an unknown value
ESP=0x596af580 is pointing into the stack for thread: 0x5ad40000
EBP=0x596af5ec is pointing into the stack for thread: 0x5ad40000
ESI=0x00000005 is an unknown value
EDI=0x596af574 is pointing into the stack for thread: 0x5ad40000


Stack: [0x59660000,0x596b0000],  sp=0x596af580,  free space=317k
Native frames: (J=compiled Java code, j=interpreted, Vv=VM code, C=native code)
V  [jvm.dll+0x152913]
V  [jvm.dll+0x220a7e]
V  [jvm.dll+0x15328e]
V  [jvm.dll+0x153416]
V  [jvm.dll+0x153487]
V  [jvm.dll+0xf095f]
V  [jvm.dll+0x1777f0]
V  [jvm.dll+0x17802b]
V  [jvm.dll+0x1b8b16]
C  [msvcr100.dll+0x5c556]
C  [msvcr100.dll+0x5c600]
C  [KERNEL32.DLL+0x22369]
C  [ntdll.dll+0x5e5bb]
C  [ntdll.dll+0x5e58f]
C  0x00000000


---------------  P R O C E S S  ---------------

Java Threads: ( => current thread )
=>0x5ad40000 JavaThread "Cache worker for cache directory md-rule (C:\Users\Vicky\.gradle\caches\5.4.1\md-rule)" [_thread_in_vm, id=9328, stack(0x59660000,0x596b0000)]
  0x5ad43000 JavaThread "Cache worker for cache directory md-supplier (C:\Users\Vicky\.gradle\caches\5.4.1\md-supplier)" [_thread_blocked, id=7612, stack(0x590c0000,0x59110000)]
  0x5ad42000 JavaThread "Cache worker for file hash cache (C:\Users\Vicky\AndroidStudioProjects\MyApplication\.gradle\5.4.1\fileHashes)" [_thread_blocked, id=5776, stack(0x58d20000,0x58d70000)]
  0x5ad3ec00 JavaThread "Thread-180" [_thread_blocked, id=8748, stack(0x58cd0000,0x58d20000)]
  0x54cab800 JavaThread "Stdin handler" [_thread_blocked, id=5752, stack(0x58370000,0x583c0000)]
  0x54ca9800 JavaThread "Asynchronous log dispatcher for DefaultDaemonConnection: socket connection from /127.0.0.1:8418 to /127.0.0.1:9122" [_thread_blocked, id=3264, stack(0x56f20000,0x56f70000)]
  0x54ca8400 JavaThread "Daemon worker Thread 8" [_thread_blocked, id=2988, stack(0x56dd0000,0x56e20000)]
  0x54cac400 JavaThread "Cancel handler" [_thread_blocked, id=2060, stack(0x56d80000,0x56dd0000)]
  0x54cafc00 JavaThread "Handler for socket connection from /127.0.0.1:8418 to /127.0.0.1:9122" [_thread_in_native, id=9188, stack(0x01050000,0x010a0000)]
  0x54caf000 JavaThread "Daemon Thread 8" [_thread_blocked, id=1468, stack(0x01000000,0x01050000)]
  0x54cad000 JavaThread "Cache worker for Java compile cache (C:\Users\Vicky\.gradle\caches\5.4.1\javaCompile)" [_thread_blocked, id=10176, stack(0x5f090000,0x5f0e0000)]
  0x54caa400 JavaThread "MarlinRenderer Disposer" daemon [_thread_blocked, id=9404, stack(0x5f180000,0x5f1d0000)]
  0x5ad43800 JavaThread "Java2D Disposer" daemon [_thread_blocked, id=9548, stack(0x5f130000,0x5f180000)]
  0x54cadc00 JavaThread "Cache worker for file content cache (C:\Users\Vicky\.gradle\caches\5.4.1\fileContent)" [_thread_blocked, id=9472, stack(0x59110000,0x59160000)]
  0x54cad400 JavaThread "Memory manager" [_thread_blocked, id=6268, stack(0x5b5d0000,0x5b620000)]
  0x55bbb800 JavaThread "Cache worker for execution history cache (C:\Users\Vicky\.gradle\caches\5.4.1\executionHistory)" [_thread_blocked, id=3548, stack(0x58e70000,0x58ec0000)]
  0x55bbec00 JavaThread "Cache worker for journal cache (C:\Users\Vicky\.gradle\caches\journal-1)" [_thread_blocked, id=8416, stack(0x57150000,0x571a0000)]
  0x55bbf000 JavaThread "File lock request listener" [_thread_in_native, id=9780, stack(0x57100000,0x57150000)]
  0x55bbd800 JavaThread "Cache worker for file hash cache (C:\Users\Vicky\.gradle\caches\5.4.1\fileHashes)" [_thread_blocked, id=5836, stack(0x570b0000,0x57100000)]
  0x55a28c00 JavaThread "Daemon periodic checks" [_thread_blocked, id=9824, stack(0x56c30000,0x56c80000)]
  0x55a11c00 JavaThread "Incoming local TCP Connector on port 8418" [_thread_in_native, id=7344, stack(0x56aa0000,0x56af0000)]
  0x5592a800 JavaThread "Daemon health stats" [_thread_blocked, id=6208, stack(0x56610000,0x56660000)]
  0x54399400 JavaThread "Service Thread" daemon [_thread_blocked, id=1168, stack(0x547a0000,0x547f0000)]
  0x54357000 JavaThread "C1 CompilerThread1" daemon [_thread_in_vm, id=656, stack(0x54750000,0x547a0000)]
  0x54355c00 JavaThread "C2 CompilerThread0" daemon [_thread_blocked, id=1828, stack(0x54700000,0x54750000)]
  0x54352400 JavaThread "Attach Listener" daemon [_thread_blocked, id=6056, stack(0x546b0000,0x54700000)]
  0x54351400 JavaThread "Signal Dispatcher" daemon [_thread_blocked, id=3424, stack(0x54660000,0x546b0000)]
  0x54335000 JavaThread "Finalizer" daemon [_thread_blocked, id=3856, stack(0x54510000,0x54560000)]
  0x5432f400 JavaThread "Reference Handler" daemon [_thread_blocked, id=4312, stack(0x544c0000,0x54510000)]
  0x022ac800 JavaThread "main" [_thread_blocked, id=1940, stack(0x02040000,0x02090000)]

Other Threads:
  0x5431a000 VMThread [stack: 0x54470000,0x544c0000] [id=7292]
  0x5439a800 WatcherThread [stack: 0x547f0000,0x54840000] [id=6116]

VM state:not at safepoint (normal execution)

VM Mutex/Monitor currently owned by a thread:  ([mutex/lock_event])
[0x022ab8e8] CompiledIC_lock - owner thread: 0x54357000

Heap:
 PSYoungGen      total 284672K, used 208756K [0x3c2c0000, 0x51800000, 0x51800000)
  eden space 229632K, 67% used [0x3c2c0000,0x45a1cf70,0x4a300000)
  from space 55040K, 97% used [0x4a300000,0x4d7803d0,0x4d8c0000)
  to   space 63744K, 0% used [0x4d9c0000,0x4d9c0000,0x51800000)
 ParOldGen       total 149504K, used 75472K [0x11800000, 0x1aa00000, 0x3c2c0000)
  object space 149504K, 50% used [0x11800000,0x161b4220,0x1aa00000)
 Metaspace       used 89510K, capacity 92262K, committed 92672K, reserved 93568K

Card table byte_map: [0x51800000,0x51a10000] byte_map_base: 0x51774000

Marking Bits: (ParMarkBitMap*) 0x59f88620
 Begin Bits: [0x51a10000, 0x52a10000)
 End Bits:   [0x52a10000, 0x53a10000)

Polling page: 0x010b0000

CodeCache: size=245760Kb used=61402Kb max_used=61548Kb free=184357Kb
 bounds [0x022b0000, 0x05f18000, 0x112b0000]
 total_blobs=20018 nmethods=19479 adapters=451
 compilation: enabled

Compilation events (10 events):
Event: 3989.505 Thread 0x54357000 25446       1       org.gradle.internal.SystemProperties::getInstance (4 bytes)
Event: 3989.506 Thread 0x54357000 nmethod 25446 0x04ced308 code [0x04ced400, 0x04ced480]
Event: 3990.592 Thread 0x54355c00 25448       4       com.google.common.base.MoreObjects::firstNonNull (22 bytes)
Event: 3990.593 Thread 0x54355c00 nmethod 25448 0x053b3788 code [0x053b3880, 0x053b38d0]
Event: 3991.093 Thread 0x54357000 25445       3       org.gradle.cache.internal.filelock.LockInfoSerializer::trimIfNecessary (21 bytes)
Event: 3991.094 Thread 0x54357000 nmethod 25445 0x03727548 code [0x03727660, 0x037278cc]
Event: 3992.037 Thread 0x54355c00 25449       4       java.util.UUID::hashCode (19 bytes)
Event: 3992.040 Thread 0x54355c00 nmethod 25449 0x02ef3448 code [0x02ef3540, 0x02ef3590]
Event: 3993.668 Thread 0x54357000 25450       3       org.gradle.tooling.provider.model.internal.DefaultToolingModelBuilderRegistry::register (12 bytes)
Event: 3993.671 Thread 0x54357000 nmethod 25450 0x035897c8 code [0x035898e0, 0x03589a4c]

GC Heap History (10 events):
Event: 3172.939 GC heap before
{Heap before GC invocations=29 (full 5):
 PSYoungGen      total 300544K, used 300540K [0x3c2c0000, 0x51800000, 0x51800000)
  eden space 251648K, 100% used [0x3c2c0000,0x4b880000,0x4b880000)
  from space 48896K, 99% used [0x4b880000,0x4e83f110,0x4e840000)
  to   space 48896K, 0% used [0x4e840000,0x4e840000,0x51800000)
 ParOldGen       total 143616K, used 87850K [0x11800000, 0x1a440000, 0x3c2c0000)
  object space 143616K, 61% used [0x11800000,0x16dcaab0,0x1a440000)
 Metaspace       used 89051K, capacity 91913K, committed 92416K, reserved 92544K
Event: 3181.862 GC heap after
Heap after GC invocations=29 (full 5):
 PSYoungGen      total 275968K, used 8315K [0x3c2c0000, 0x51800000, 0x51800000)
  eden space 227072K, 0% used [0x3c2c0000,0x3c2c0000,0x4a080000)
  from space 48896K, 17% used [0x4e840000,0x4f05ecd0,0x51800000)
  to   space 61184K, 0% used [0x4a080000,0x4a080000,0x4dc40000)
 ParOldGen       total 143616K, used 122758K [0x11800000, 0x1a440000, 0x3c2c0000)
  object space 143616K, 85% used [0x11800000,0x18fe1a60,0x1a440000)
 Metaspace       used 89051K, capacity 91913K, committed 92416K, reserved 92544K
}
Event: 3181.862 GC heap before
{Heap before GC invocations=30 (full 6):
 PSYoungGen      total 275968K, used 8315K [0x3c2c0000, 0x51800000, 0x51800000)
  eden space 227072K, 0% used [0x3c2c0000,0x3c2c0000,0x4a080000)
  from space 48896K, 17% used [0x4e840000,0x4f05ecd0,0x51800000)
  to   space 61184K, 0% used [0x4a080000,0x4a080000,0x4dc40000)
 ParOldGen       total 143616K, used 122758K [0x11800000, 0x1a440000, 0x3c2c0000)
  object space 143616K, 85% used [0x11800000,0x18fe1a60,0x1a440000)
 Metaspace       used 89051K, capacity 91913K, committed 92416K, reserved 92544K
Event: 3188.349 GC heap after
Heap after GC invocations=30 (full 6):
 PSYoungGen      total 275968K, used 0K [0x3c2c0000, 0x51800000, 0x51800000)
  eden space 227072K, 0% used [0x3c2c0000,0x3c2c0000,0x4a080000)
  from space 48896K, 0% used [0x4e840000,0x4e840000,0x51800000)
  to   space 61184K, 0% used [0x4a080000,0x4a080000,0x4dc40000)
 ParOldGen       total 149504K, used 62225K [0x11800000, 0x1aa00000, 0x3c2c0000)
  object space 149504K, 41% used [0x11800000,0x154c4590,0x1aa00000)
 Metaspace       used 88695K, capacity 91379K, committed 92416K, reserved 92544K
}
Event: 3277.338 GC heap before
{Heap before GC invocations=31 (full 6):
 PSYoungGen      total 275968K, used 227072K [0x3c2c0000, 0x51800000, 0x51800000)
  eden space 227072K, 100% used [0x3c2c0000,0x4a080000,0x4a080000)
  from space 48896K, 0% used [0x4e840000,0x4e840000,0x51800000)
  to   space 61184K, 0% used [0x4a080000,0x4a080000,0x4dc40000)
 ParOldGen       total 149504K, used 62225K [0x11800000, 0x1aa00000, 0x3c2c0000)
  object space 149504K, 41% used [0x11800000,0x154c4590,0x1aa00000)
 Metaspace       used 89158K, capacity 91862K, committed 92416K, reserved 92544K
Event: 3277.613 GC heap after
Heap after GC invocations=31 (full 6):
 PSYoungGen      total 288256K, used 13746K [0x3c2c0000, 0x51800000, 0x51800000)
  eden space 227072K, 0% used [0x3c2c0000,0x3c2c0000,0x4a080000)
  from space 61184K, 22% used [0x4a080000,0x4adec988,0x4dc40000)
  to   space 58624K, 0% used [0x4dec0000,0x4dec0000,0x51800000)
 ParOldGen       total 149504K, used 62229K [0x11800000, 0x1aa00000, 0x3c2c0000)
  object space 149504K, 41% used [0x11800000,0x154c5590,0x1aa00000)
 Metaspace       used 89158K, capacity 91862K, committed 92416K, reserved 92544K
}
Event: 3325.761 GC heap before
{Heap before GC invocations=32 (full 6):
 PSYoungGen      total 288256K, used 240818K [0x3c2c0000, 0x51800000, 0x51800000)
  eden space 227072K, 100% used [0x3c2c0000,0x4a080000,0x4a080000)
  from space 61184K, 22% used [0x4a080000,0x4adec988,0x4dc40000)
  to   space 58624K, 0% used [0x4dec0000,0x4dec0000,0x51800000)
 ParOldGen       total 149504K, used 62229K [0x11800000, 0x1aa00000, 0x3c2c0000)
  object space 149504K, 41% used [0x11800000,0x154c5590,0x1aa00000)
 Metaspace       used 89313K, capacity 92045K, committed 92544K, reserved 92544K
Event: 3327.196 GC heap after
Heap after GC invocations=32 (full 6):
 PSYoungGen      total 278528K, used 21580K [0x3c2c0000, 0x50e80000, 0x51800000)
  eden space 229632K, 0% used [0x3c2c0000,0x3c2c0000,0x4a300000)
  from space 48896K, 44% used [0x4dec0000,0x4f3d3018,0x50e80000)
  to   space 55040K, 0% used [0x4a300000,0x4a300000,0x4d8c0000)
 ParOldGen       total 149504K, used 67200K [0x11800000, 0x1aa00000, 0x3c2c0000)
  object space 149504K, 44% used [0x11800000,0x159a00c0,0x1aa00000)
 Metaspace       used 89313K, capacity 92045K, committed 92544K, reserved 92544K
}
Event: 3360.702 GC heap before
{Heap before GC invocations=33 (full 6):
 PSYoungGen      total 278528K, used 251204K [0x3c2c0000, 0x50e80000, 0x51800000)
  eden space 229632K, 99% used [0x3c2c0000,0x4a2fe118,0x4a300000)
  from space 48896K, 44% used [0x4dec0000,0x4f3d3018,0x50e80000)
  to   space 55040K, 0% used [0x4a300000,0x4a300000,0x4d8c0000)
 ParOldGen       total 149504K, used 67200K [0x11800000, 0x1aa00000, 0x3c2c0000)
  object space 149504K, 44% used [0x11800000,0x159a00c0,0x1aa00000)
 Metaspace       used 89416K, capacity 92136K, committed 92544K, reserved 92544K
Event: 3361.468 GC heap after
Heap after GC invocations=33 (full 6):
 PSYoungGen      total 284672K, used 53760K [0x3c2c0000, 0x51800000, 0x51800000)
  eden space 229632K, 0% used [0x3c2c0000,0x3c2c0000,0x4a300000)
  from space 55040K, 97% used [0x4a300000,0x4d7803d0,0x4d8c0000)
  to   space 63744K, 0% used [0x4d9c0000,0x4d9c0000,0x51800000)
 ParOldGen       total 149504K, used 75472K [0x11800000, 0x1aa00000, 0x3c2c0000)
  object space 149504K, 50% used [0x11800000,0x161b4220,0x1aa00000)
 Metaspace       used 89416K, capacity 92136K, committed 92544K, reserved 92544K
}

Deoptimization events (10 events):
Event: 3363.153 Thread 0x54ca9800 Uncommon trap: reason=speculate_class_check action=maybe_recompile pc=0x0524bb0c method=java.nio.charset.CharsetEncoder.reset()Ljava/nio/charset/CharsetEncoder; @ 1
Event: 3363.153 Thread 0x54ca9800 Uncommon trap: reason=speculate_class_check action=maybe_recompile pc=0x0524bb0c method=java.nio.charset.CharsetEncoder.reset()Ljava/nio/charset/CharsetEncoder; @ 1
Event: 3363.167 Thread 0x54ca9800 Uncommon trap: reason=speculate_class_check action=maybe_recompile pc=0x05ed4dc8 method=java.lang.StringCoding.encode(Ljava/nio/charset/Charset;[CII)[B @ 91
Event: 3363.168 Thread 0x54ca9800 Uncommon trap: reason=speculate_class_check action=maybe_recompile pc=0x05ed4dc8 method=java.lang.StringCoding.encode(Ljava/nio/charset/Charset;[CII)[B @ 91
Event: 3363.278 Thread 0x54ca9800 Uncommon trap: reason=bimorphic action=maybe_recompile pc=0x05ad29c8 method=java.util.ArrayList$ArrayListSpliterator.tryAdvance(Ljava/util/function/Consumer;)Z @ 48
Event: 3363.278 Thread 0x54ca9800 Uncommon trap: reason=bimorphic action=maybe_recompile pc=0x05ad29c8 method=java.util.ArrayList$ArrayListSpliterator.tryAdvance(Ljava/util/function/Consumer;)Z @ 48
Event: 3363.278 Thread 0x54ca9800 Uncommon trap: reason=bimorphic action=maybe_recompile pc=0x05ad29c8 method=java.util.ArrayList$ArrayListSpliterator.tryAdvance(Ljava/util/function/Consumer;)Z @ 48
Event: 3363.278 Thread 0x54ca9800 Uncommon trap: reason=bimorphic action=maybe_recompile pc=0x05ad29c8 method=java.util.ArrayList$ArrayListSpliterator.tryAdvance(Ljava/util/function/Consumer;)Z @ 48
Event: 3363.309 Thread 0x54ca9800 Uncommon trap: reason=unstable_if action=reinterpret pc=0x03414324 method=com.google.common.base.Objects.equal(Ljava/lang/Object;Ljava/lang/Object;)Z @ 14
Event: 3363.309 Thread 0x54ca9800 Uncommon trap: reason=unstable_if action=reinterpret pc=0x053b4fdc method=com.google.common.base.Objects.equal(Ljava/lang/Object;Ljava/lang/Object;)Z @ 14

Classes redefined (0 events):
No events

Internal exceptions (10 events):
Event: 3346.436 Thread 0x54ca9800 Exception <a 'sun/nio/fs/WindowsException'> (0x41087cf8) thrown at [D:\src\AOSP-openjdk-cygwin\jdk8u\hotspot\src\share\vm\prims\jni.cpp, line 710]
Event: 3346.440 Thread 0x54ca9800 Exception <a 'sun/nio/fs/WindowsException'> (0x410d0938) thrown at [D:\src\AOSP-openjdk-cygwin\jdk8u\hotspot\src\share\vm\prims\jni.cpp, line 710]
Event: 3346.495 Thread 0x54ca9800 Exception <a 'sun/nio/fs/WindowsException'> (0x410df488) thrown at [D:\src\AOSP-openjdk-cygwin\jdk8u\hotspot\src\share\vm\prims\jni.cpp, line 710]
Event: 3346.554 Thread 0x54ca9800 Exception <a 'sun/nio/fs/WindowsException'> (0x410f41b8) thrown at [D:\src\AOSP-openjdk-cygwin\jdk8u\hotspot\src\share\vm\prims\jni.cpp, line 710]
Event: 3346.571 Thread 0x54ca9800 Exception <a 'sun/nio/fs/WindowsException'> (0x4123d228) thrown at [D:\src\AOSP-openjdk-cygwin\jdk8u\hotspot\src\share\vm\prims\jni.cpp, line 710]
Event: 3346.573 Thread 0x54ca9800 Exception <a 'sun/nio/fs/WindowsException'> (0x412460a0) thrown at [D:\src\AOSP-openjdk-cygwin\jdk8u\hotspot\src\share\vm\prims\jni.cpp, line 710]
Event: 3346.587 Thread 0x54ca9800 Exception <a 'sun/nio/fs/WindowsException'> (0x4124e0c0) thrown at [D:\src\AOSP-openjdk-cygwin\jdk8u\hotspot\src\share\vm\prims\jni.cpp, line 710]
Event: 3358.048 Thread 0x54ca9800 Exception <a 'sun/nio/fs/WindowsException'> (0x421587b0) thrown at [D:\src\AOSP-openjdk-cygwin\jdk8u\hotspot\src\share\vm\prims\jni.cpp, line 710]
Event: 3362.449 Thread 0x54cae400 Exception <a 'sun/nio/fs/WindowsException'> (0x4198be40) thrown at [D:\src\AOSP-openjdk-cygwin\jdk8u\hotspot\src\share\vm\prims\jni.cpp, line 710]
Event: 3365.312 Thread 0x5ad42000 Exception <a 'sun/nio/fs/WindowsException'> (0x44e0f6c0) thrown at [D:\src\AOSP-openjdk-cygwin\jdk8u\hotspot\src\share\vm\prims\jni.cpp, line 710]

Events (10 events):
Event: 3991.821 Executing VM operation: RevokeBias done
Event: 3991.821 Executing VM operation: RevokeBias
Event: 3991.822 Executing VM operation: RevokeBias done
Event: 3991.822 Executing VM operation: RevokeBias
Event: 3991.822 Executing VM operation: RevokeBias done
Event: 3991.822 Executing VM operation: RevokeBias
Event: 3991.822 Executing VM operation: RevokeBias done
Event: 3993.508 Thread 0x54357000 flushing nmethod 0x03bc4008
Event: 3994.725 Thread 0x5ad43000 Thread added: 0x5ad43000
Event: 3994.773 Thread 0x5ad40000 Thread added: 0x5ad40000


Dynamic libraries:
0x006b0000 - 0x006dd000 	C:\Users\Vicky\Documents\android-studio-ide-191.6010548-windows32\android-studio\jre\bin\java.exe
0x77460000 - 0x775f9000 	C:\Windows\SYSTEM32\ntdll.dll
0x76f60000 - 0x76ff8000 	C:\Windows\System32\KERNEL32.DLL
0x75900000 - 0x75afb000 	C:\Windows\System32\KERNELBASE.dll
0x73370000 - 0x7340f000 	C:\Windows\SYSTEM32\apphelp.dll
0x76ee0000 - 0x76f59000 	C:\Windows\System32\ADVAPI32.dll
0x75d20000 - 0x75ddf000 	C:\Windows\System32\msvcrt.dll
0x76e10000 - 0x76e86000 	C:\Windows\System32\sechost.dll
0x77330000 - 0x773f1000 	C:\Windows\System32\RPCRT4.dll
0x77000000 - 0x77178000 	C:\Windows\System32\USER32.dll
0x74d50000 - 0x74d6c000 	C:\Windows\System32\win32u.dll
0x75de0000 - 0x75e01000 	C:\Windows\System32\GDI32.dll
0x756a0000 - 0x757fd000 	C:\Windows\System32\gdi32full.dll
0x755e0000 - 0x7565c000 	C:\Windows\System32\msvcp_win.dll
0x754a0000 - 0x755bf000 	C:\Windows\System32\ucrtbase.dll
0x62e90000 - 0x6309f000 	C:\Windows\WinSxS\x86_microsoft.windows.common-controls_6595b64144ccf1df_6.0.18362.657_none_2e72ec50278a619e\COMCTL32.dll
0x75e10000 - 0x76085000 	C:\Windows\System32\combase.dll
0x74d70000 - 0x74dcf000 	C:\Windows\System32\bcryptPrimitives.dll
0x76e90000 - 0x76eb6000 	C:\Windows\System32\IMM32.DLL
0x59950000 - 0x59a0f000 	C:\Users\Vicky\Documents\android-studio-ide-191.6010548-windows32\android-studio\jre\jre\bin\msvcr100.dll
0x59a10000 - 0x59ff9000 	C:\Users\Vicky\Documents\android-studio-ide-191.6010548-windows32\android-studio\jre\jre\bin\server\jvm.dll
0x76e00000 - 0x76e06000 	C:\Windows\System32\PSAPI.DLL
0x62e80000 - 0x62e88000 	C:\Windows\SYSTEM32\WSOCK32.dll
0x76b00000 - 0x76b5e000 	C:\Windows\System32\WS2_32.dll
0x72e70000 - 0x72e94000 	C:\Windows\SYSTEM32\WINMM.dll
0x6b9b0000 - 0x6b9b8000 	C:\Windows\SYSTEM32\VERSION.dll
0x72e40000 - 0x72e63000 	C:\Windows\SYSTEM32\WINMMBASE.dll
0x75660000 - 0x7569b000 	C:\Windows\System32\cfgmgr32.dll
0x71a20000 - 0x71a2c000 	C:\Users\Vicky\Documents\android-studio-ide-191.6010548-windows32\android-studio\jre\jre\bin\verify.dll
0x64650000 - 0x64671000 	C:\Users\Vicky\Documents\android-studio-ide-191.6010548-windows32\android-studio\jre\jre\bin\java.dll
0x64610000 - 0x64624000 	C:\Users\Vicky\Documents\android-studio-ide-191.6010548-windows32\android-studio\jre\jre\bin\zip.dll
0x76580000 - 0x76afa000 	C:\Windows\System32\SHELL32.dll
0x77190000 - 0x77214000 	C:\Windows\System32\shcore.dll
0x74ed0000 - 0x75495000 	C:\Windows\System32\windows.storage.dll
0x74ce0000 - 0x74cf7000 	C:\Windows\System32\profapi.dll
0x74d00000 - 0x74d43000 	C:\Windows\System32\powrprof.dll
0x74cb0000 - 0x74cbd000 	C:\Windows\System32\UMPDC.dll
0x75cd0000 - 0x75d14000 	C:\Windows\System32\shlwapi.dll
0x74cd0000 - 0x74cdf000 	C:\Windows\System32\kernel.appcore.dll
0x755c0000 - 0x755d3000 	C:\Windows\System32\cryptsp.dll
0x645d0000 - 0x645e5000 	C:\Users\Vicky\Documents\android-studio-ide-191.6010548-windows32\android-studio\jre\jre\bin\net.dll
0x74660000 - 0x746b7000 	C:\Windows\system32\mswsock.dll
0x71a10000 - 0x71a1f000 	C:\Users\Vicky\Documents\android-studio-ide-191.6010548-windows32\android-studio\jre\jre\bin\nio.dll
0x64110000 - 0x64130000 	C:\Users\Vicky\.gradle\native\29\windows-i386\native-platform.dll
0x700f0000 - 0x700fa000 	C:\Users\Vicky\Documents\android-studio-ide-191.6010548-windows32\android-studio\jre\jre\bin\management.dll
0x74290000 - 0x742bf000 	C:\Windows\system32\rsaenh.dll
0x74dd0000 - 0x74deb000 	C:\Windows\System32\bcrypt.dll
0x74c00000 - 0x74c1e000 	C:\Windows\SYSTEM32\USERENV.dll
0x747e0000 - 0x747ea000 	C:\Windows\SYSTEM32\CRYPTBASE.dll
0x743f0000 - 0x74422000 	C:\Windows\SYSTEM32\IPHLPAPI.DLL
0x77180000 - 0x77187000 	C:\Windows\System32\NSI.dll
0x70240000 - 0x70253000 	C:\Windows\SYSTEM32\dhcpcsvc6.DLL
0x701d0000 - 0x701e5000 	C:\Windows\SYSTEM32\dhcpcsvc.DLL
0x74440000 - 0x744d1000 	C:\Windows\SYSTEM32\DNSAPI.dll
0x642e0000 - 0x64427000 	C:\Users\Vicky\Documents\android-studio-ide-191.6010548-windows32\android-studio\jre\jre\bin\awt.dll
0x76090000 - 0x76122000 	C:\Windows\System32\OLEAUT32.dll
0x73850000 - 0x73875000 	C:\Windows\SYSTEM32\dwmapi.dll
0x71f80000 - 0x7246c000 	C:\Windows\SYSTEM32\d2d1.dll
0x734f0000 - 0x7356d000 	C:\Windows\system32\uxtheme.dll

VM Arguments:
jvm_args: -Xmx1024m -Dfile.encoding=windows-1252 -Duser.country=IN -Duser.language=en -Duser.variant 
java_command: org.gradle.launcher.daemon.bootstrap.GradleDaemon 5.4.1
java_class_path (initial): C:\Users\Vicky\.gradle\wrapper\dists\gradle-5.4.1-all\3221gyojl5jsh0helicew7rwx\gradle-5.4.1\lib\gradle-launcher-5.4.1.jar
Launcher Type: SUN_STANDARD

Environment Variables:
PATH=C:\Program Files\Common Files\Oracle\Java\javapath;C:\Windows\system32;C:\Windows;C:\Windows\System32\Wbem;C:\Windows\System32\WindowsPowerShell\v1.0\;C:\Windows\System32\OpenSSH\;C:\Program Files\ATI Technologies\ATI.ACE\Core-Static;C:\Program Files\Brackets\command;C:\Program Files\Java\jdk1.8.0_241\bin;C:\Users\Vicky\AppData\Local\Microsoft\WindowsApps;
USERNAME=Vicky
OS=Windows_NT
PROCESSOR_IDENTIFIER=x86 Family 6 Model 23 Stepping 6, GenuineIntel



---------------  S Y S T E M  ---------------

OS: Windows 10.0 Build 18362 (10.0.18362.329)

CPU:total 2 (initial active 2) (2 cores per cpu, 1 threads per core) family 6 model 23 stepping 6, cmov, cx8, fxsr, mmx, sse, sse2, sse3, ssse3, sse4.1, tsc

Memory: 4k page, physical 3661236k(197288k free), swap 14671284k(800k free)

vm_info: OpenJDK Server VM (25.202-b03) for windows-x86 JRE (1.8.0_202-release-1483-b03), built by "builder" with MS VC++ 10.0 (VS2010)

time: Sun Mar 01 14:19:49 2020
timezone: India Standard Time
elapsed time: 3996 seconds (0d 1h 6m 36s)

